app/build/outputs/logs/manifest-merger-debug-report.txt
-- Merging decision tree log ---
manifest
ADDED from src/main/AndroidManifest.xml:2:1-44:12
INJECTED from src/main/AndroidManifest.xml:2:1-44:12
INJECTED from src/main/AndroidManifest.xml:2:1-44:12
INJECTED from src/main/AndroidManifest.xml:2:1-44:12
MERGED from [androidx.multidex:multidex:2.0.0] AndroidManifest.xml:17:1-22:12
MERGED from [com.karumi:dexter:4.1.0] AndroidManifest.xml:17:1-33:12
MERGED from [com.google.android.material:material:1.1.0-alpha06] AndroidManifest.xml:17:1-24:12
MERGED from [com.yarolegovich:lovely-dialog:1.1.0] AndroidManifest.xml:2:1-12:12
MERGED from [com.airbnb.android:lottie:2.8.0] AndroidManifest.xml:2:1-13:12
MERGED from [com.github.MdFarhanRaja:SearchableSpinner:1.2] AndroidManifest.xml:2:1-17:12
MERGED from [com.github.Binary-Finery:Bungee:1.0] AndroidManifest.xml:2:1-17:12
MERGED from [androidx.viewpager2:viewpager2:1.0.0-alpha02] AndroidManifest.xml:17:1-22:12
MERGED from [androidx.appcompat:appcompat:1.1.0-alpha05] AndroidManifest.xml:17:1-22:12
MERGED from [androidx.constraintlayout:constraintlayout:1.1.3] AndroidManifest.xml:2:1-11:12
MERGED from [com.google.android.gms:play-services-auth:16.0.1] AndroidManifest.xml:17:1-39:12
MERGED from [com.github.bumptech.glide:glide:4.8.0] AndroidManifest.xml:2:1-12:12
MERGED from [androidx.cardview:cardview:1.0.0] AndroidManifest.xml:17:1-22:12
MERGED from [com.google.firebase:firebase-database:17.0.0] AndroidManifest.xml:15:1-36:12
MERGED from [com.google.firebase:firebase-core:16.0.9] AndroidManifest.xml:2:1-9:12
MERGED from [com.google.firebase:firebase-auth:17.0.0] AndroidManifest.xml:17:1-42:12
MERGED from [com.google.firebase:firebase-crash:16.2.1] AndroidManifest.xml:17:1-32:12
MERGED from [com.google.firebase:firebase-storage:17.0.0] AndroidManifest.xml:15:1-37:12
MERGED from [com.google.firebase:firebase-firestore:19.0.0] AndroidManifest.xml:2:1-24:12
MERGED from [com.google.android.gms:play-services-auth-api-phone:16.0.0] AndroidManifest.xml:2:1-7:12
MERGED from [com.google.android.gms:play-services-auth-base:16.0.0] AndroidManifest.xml:2:1-7:12
MERGED from [com.google.firebase:firebase-auth-interop:17.0.0] AndroidManifest.xml:2:1-10:12
MERGED from [com.google.android.gms:play-services-flags:16.0.1] AndroidManifest.xml:17:1-22:12
MERGED from [com.google.firebase:firebase-analytics:16.5.0] AndroidManifest.xml:2:1-9:12
MERGED from [com.google.android.gms:play-services-measurement-api:16.5.0] AndroidManifest.xml:17:1-36:12
MERGED from [com.google.firebase:firebase-iid:17.1.2] AndroidManifest.xml:17:1-59:12
MERGED from [com.google.firebase:firebase-iid-interop:16.0.1] AndroidManifest.xml:2:1-10:12
MERGED from [com.google.android.gms:play-services-base:16.0.1] AndroidManifest.xml:17:1-29:12
MERGED from [com.google.firebase:firebase-common:17.0.0] AndroidManifest.xml:2:1-19:12
MERGED from [com.google.android.gms:play-services-tasks:16.0.1] AndroidManifest.xml:2:1-9:12
MERGED from [com.google.firebase:firebase-measurement-connector:17.0.1] AndroidManifest.xml:17:1-25:12
MERGED from [com.google.android.gms:play-services-measurement:16.5.0] AndroidManifest.xml:17:1-55:12
MERGED from [com.google.android.gms:play-services-measurement-sdk:16.5.0] AndroidManifest.xml:17:1-25:12
MERGED from [com.google.android.gms:play-services-measurement-impl:16.5.0] AndroidManifest.xml:17:1-40:12
MERGED from [com.google.android.gms:play-services-stats:16.0.1] AndroidManifest.xml:2:1-9:12
MERGED from [com.google.android.gms:play-services-measurement-sdk-api:16.5.0] AndroidManifest.xml:17:1-40:12
MERGED from [com.google.android.gms:play-services-measurement-base:16.5.0] AndroidManifest.xml:2:1-9:12
MERGED from [com.google.android.gms:play-services-ads-identifier:16.0.0] AndroidManifest.xml:17:1-24:12
MERGED from [com.google.android.gms:play-services-basement:16.2.0] AndroidManifest.xml:17:1-28:12
MERGED from [androidx.legacy:legacy-support-v4:1.0.0] AndroidManifest.xml:17:1-22:12
MERGED from [com.github.jlmd:AnimatedCircleLoadingView:1.1.5] AndroidManifest.xml:2:1-16:12
MERGED from [com.wang.avi:library:2.1.3] AndroidManifest.xml:2:1-11:12
MERGED from [io.paperdb:paperdb:2.6] AndroidManifest.xml:2:1-14:12
MERGED from [com.blankj:utilcode:1.7.1] AndroidManifest.xml:2:1-10:12
MERGED from [me.grantland:autofittextview:0.2.1] AndroidManifest.xml:2:1-11:12
MERGED from [com.tapadoo.android:alerter:2.0.1] AndroidManifest.xml:2:1-12:12
MERGED from [androidx.lifecycle:lifecycle-extensions:2.0.0] AndroidManifest.xml:17:1-25:12
MERGED from [androidx.fragment:fragment:1.1.0-alpha08] AndroidManifest.xml:17:1-22:12
MERGED from [androidx.appcompat:appcompat-resources:1.1.0-alpha05] AndroidManifest.xml:17:1-22:12
MERGED from [androidx.legacy:legacy-support-core-ui:1.0.0] AndroidManifest.xml:17:1-22:12
MERGED from [androidx.drawerlayout:drawerlayout:1.0.0] AndroidManifest.xml:17:1-22:12
MERGED from [androidx.coordinatorlayout:coordinatorlayout:1.1.0-alpha01] AndroidManifest.xml:17:1-22:12
MERGED from [androidx.legacy:legacy-support-core-utils:1.0.0] AndroidManifest.xml:17:1-22:12
MERGED from [androidx.transition:transition:1.0.1] AndroidManifest.xml:17:1-22:12
MERGED from [androidx.media:media:1.0.0] AndroidManifest.xml:17:1-22:12
MERGED from [androidx.viewpager:viewpager:1.0.0] AndroidManifest.xml:17:1-22:12
MERGED from [androidx.loader:loader:1.0.0] AndroidManifest.xml:17:1-22:12
MERGED from [androidx.activity:activity:1.0.0-alpha08] AndroidManifest.xml:17:1-22:12
MERGED from [androidx.vectordrawable:vectordrawable-animated:1.1.0-beta01] AndroidManifest.xml:17:1-22:12
MERGED from [androidx.vectordrawable:vectordrawable:1.1.0-beta01] AndroidManifest.xml:17:1-22:12
MERGED from [androidx.slidingpanelayout:slidingpanelayout:1.0.0] AndroidManifest.xml:17:1-22:12
MERGED from [androidx.recyclerview:recyclerview:1.1.0-alpha03] AndroidManifest.xml:17:1-22:12
MERGED from [androidx.customview:customview:1.0.0] AndroidManifest.xml:17:1-22:12
MERGED from [androidx.swiperefreshlayout:swiperefreshlayout:1.0.0] AndroidManifest.xml:17:1-22:12
MERGED from [androidx.asynclayoutinflater:asynclayoutinflater:1.0.0] AndroidManifest.xml:17:1-22:12
MERGED from [androidx.core:core:1.1.0-beta01] AndroidManifest.xml:17:1-24:12
MERGED from [androidx.cursoradapter:cursoradapter:1.0.0] AndroidManifest.xml:17:1-22:12
MERGED from [com.github.bumptech.glide:gifdecoder:4.8.0] AndroidManifest.xml:2:1-11:12
MERGED from [androidx.lifecycle:lifecycle-livedata:2.0.0] AndroidManifest.xml:17:1-22:12
MERGED from [androidx.lifecycle:lifecycle-livedata-core:2.0.0] AndroidManifest.xml:17:1-22:12
MERGED from [androidx.arch.core:core-runtime:2.0.0] AndroidManifest.xml:17:1-22:12
MERGED from [androidx.versionedparcelable:versionedparcelable:1.1.0-beta01] AndroidManifest.xml:17:1-25:12
MERGED from [androidx.interpolator:interpolator:1.0.0] AndroidManifest.xml:17:1-22:12
MERGED from [androidx.documentfile:documentfile:1.0.0] AndroidManifest.xml:17:1-22:12
MERGED from [androidx.localbroadcastmanager:localbroadcastmanager:1.0.0] AndroidManifest.xml:17:1-22:12
MERGED from [androidx.print:print:1.0.0] AndroidManifest.xml:17:1-22:12
MERGED from [androidx.lifecycle:lifecycle-process:2.0.0] AndroidManifest.xml:17:1-30:12
MERGED from [androidx.lifecycle:lifecycle-service:2.0.0] AndroidManifest.xml:17:1-22:12
MERGED from [androidx.lifecycle:lifecycle-runtime:2.2.0-alpha01] AndroidManifest.xml:17:1-22:12
MERGED from [androidx.lifecycle:lifecycle-viewmodel:2.2.0-alpha01] AndroidManifest.xml:17:1-22:12
MERGED from [androidx.savedstate:savedstate:1.0.0-beta01] AndroidManifest.xml:17:1-22:12
MERGED from [com.google.firebase:firebase-database-collection:16.0.1] AndroidManifest.xml:2:1-7:12
MERGED from [com.google.firebase:protolite-well-known-types:16.0.1] AndroidManifest.xml:2:1-11:12
MERGED from [io.grpc:grpc-android:1.16.1] AndroidManifest.xml:2:1-13:12
INJECTED from src/main/AndroidManifest.xml:2:1-44:12
INJECTED from src/main/AndroidManifest.xml:2:1-44:12
INJECTED from src/main/AndroidManifest.xml:2:1-44:12
	package
		ADDED from src/main/AndroidManifest.xml:4:5-44
		INJECTED from src/main/AndroidManifest.xml
		INJECTED from src/main/AndroidManifest.xml
	android:versionName
		INJECTED from src/main/AndroidManifest.xml
		ADDED from src/main/AndroidManifest.xml:2:1-44:12
		INJECTED from src/main/AndroidManifest.xml
	xmlns:tools
		ADDED from src/main/AndroidManifest.xml:3:5-51
	android:versionCode
		INJECTED from src/main/AndroidManifest.xml
		ADDED from src/main/AndroidManifest.xml:2:1-44:12
		INJECTED from src/main/AndroidManifest.xml
	xmlns:android
		ADDED from src/main/AndroidManifest.xml:2:11-69
uses-permission#android.permission.INTERNET
ADDED from src/main/AndroidManifest.xml:6:5-66
MERGED from [com.google.firebase:firebase-database:17.0.0] AndroidManifest.xml:26:5-67
MERGED from [com.google.firebase:firebase-database:17.0.0] AndroidManifest.xml:26:5-67
MERGED from [com.google.firebase:firebase-crash:16.2.1] AndroidManifest.xml:22:5-67
MERGED from [com.google.firebase:firebase-crash:16.2.1] AndroidManifest.xml:22:5-67
MERGED from [com.google.firebase:firebase-storage:17.0.0] AndroidManifest.xml:27:5-67
MERGED from [com.google.firebase:firebase-storage:17.0.0] AndroidManifest.xml:27:5-67
MERGED from [com.google.firebase:firebase-firestore:19.0.0] AndroidManifest.xml:14:5-67
MERGED from [com.google.firebase:firebase-firestore:19.0.0] AndroidManifest.xml:14:5-67
MERGED from [com.google.android.gms:play-services-measurement-api:16.5.0] AndroidManifest.xml:22:5-67
MERGED from [com.google.android.gms:play-services-measurement-api:16.5.0] AndroidManifest.xml:22:5-67
MERGED from [com.google.firebase:firebase-iid:17.1.2] AndroidManifest.xml:23:5-67
MERGED from [com.google.firebase:firebase-iid:17.1.2] AndroidManifest.xml:23:5-67
MERGED from [com.google.android.gms:play-services-measurement:16.5.0] AndroidManifest.xml:23:5-67
MERGED from [com.google.android.gms:play-services-measurement:16.5.0] AndroidManifest.xml:23:5-67
MERGED from [com.google.android.gms:play-services-measurement-impl:16.5.0] AndroidManifest.xml:23:5-67
MERGED from [com.google.android.gms:play-services-measurement-impl:16.5.0] AndroidManifest.xml:23:5-67
MERGED from [com.google.android.gms:play-services-measurement-sdk-api:16.5.0] AndroidManifest.xml:23:5-67
MERGED from [com.google.android.gms:play-services-measurement-sdk-api:16.5.0] AndroidManifest.xml:23:5-67
	android:name
		ADDED from src/main/AndroidManifest.xml:6:22-64
uses-permission#android.permission.READ_PHONE_STATE
ADDED from src/main/AndroidManifest.xml:7:5-75
	android:name
		ADDED from src/main/AndroidManifest.xml:7:22-72
uses-permission#android.permission.WAKE_LOCK
ADDED from src/main/AndroidManifest.xml:8:5-68
MERGED from [com.google.android.gms:play-services-measurement-api:16.5.0] AndroidManifest.xml:24:5-68
MERGED from [com.google.android.gms:play-services-measurement-api:16.5.0] AndroidManifest.xml:24:5-68
MERGED from [com.google.firebase:firebase-iid:17.1.2] AndroidManifest.xml:24:5-68
MERGED from [com.google.firebase:firebase-iid:17.1.2] AndroidManifest.xml:24:5-68
MERGED from [com.google.android.gms:play-services-measurement:16.5.0] AndroidManifest.xml:25:5-68
MERGED from [com.google.android.gms:play-services-measurement:16.5.0] AndroidManifest.xml:25:5-68
MERGED from [com.google.android.gms:play-services-measurement-impl:16.5.0] AndroidManifest.xml:25:5-68
MERGED from [com.google.android.gms:play-services-measurement-impl:16.5.0] AndroidManifest.xml:25:5-68
MERGED from [com.google.android.gms:play-services-measurement-sdk-api:16.5.0] AndroidManifest.xml:25:5-68
MERGED from [com.google.android.gms:play-services-measurement-sdk-api:16.5.0] AndroidManifest.xml:25:5-68
	android:name
		ADDED from src/main/AndroidManifest.xml:8:22-65
uses-permission#android.permission.REORDER_TASKS
ADDED from src/main/AndroidManifest.xml:9:5-72
	android:name
		ADDED from src/main/AndroidManifest.xml:9:22-69
uses-permission#android.permission.READ_EXTERNAL_STORAGE
ADDED from src/main/AndroidManifest.xml:10:5-80
	android:name
		ADDED from src/main/AndroidManifest.xml:10:22-77
uses-permission#android.permission.WRITE_EXTERNAL_STORAGE
ADDED from src/main/AndroidManifest.xml:11:5-81
	android:name
		ADDED from src/main/AndroidManifest.xml:11:22-78
uses-permission#android.permission.RECEIVE_BOOT_COMPLETED
ADDED from src/main/AndroidManifest.xml:12:5-81
	android:name
		ADDED from src/main/AndroidManifest.xml:12:22-78
uses-permission#android.permission.REQUEST_INSTALL_PACKAGES
ADDED from src/main/AndroidManifest.xml:13:5-82
	android:name
		ADDED from src/main/AndroidManifest.xml:13:22-80
application
ADDED from src/main/AndroidManifest.xml:15:5-42:19
MERGED from [com.karumi:dexter:4.1.0] AndroidManifest.xml:26:5-31:19
MERGED from [com.karumi:dexter:4.1.0] AndroidManifest.xml:26:5-31:19
MERGED from [com.google.android.material:material:1.1.0-alpha06] AndroidManifest.xml:22:5-20
MERGED from [com.google.android.material:material:1.1.0-alpha06] AndroidManifest.xml:22:5-20
MERGED from [com.airbnb.android:lottie:2.8.0] AndroidManifest.xml:11:5-20
MERGED from [com.airbnb.android:lottie:2.8.0] AndroidManifest.xml:11:5-20
MERGED from [com.github.MdFarhanRaja:SearchableSpinner:1.2] AndroidManifest.xml:11:5-15:19
MERGED from [com.github.MdFarhanRaja:SearchableSpinner:1.2] AndroidManifest.xml:11:5-15:19
MERGED from [com.github.Binary-Finery:Bungee:1.0] AndroidManifest.xml:11:5-15:19
MERGED from [com.github.Binary-Finery:Bungee:1.0] AndroidManifest.xml:11:5-15:19
MERGED from [androidx.constraintlayout:constraintlayout:1.1.3] AndroidManifest.xml:9:5-20
MERGED from [androidx.constraintlayout:constraintlayout:1.1.3] AndroidManifest.xml:9:5-20
MERGED from [com.google.android.gms:play-services-auth:16.0.1] AndroidManifest.xml:22:5-37:19
MERGED from [com.google.android.gms:play-services-auth:16.0.1] AndroidManifest.xml:22:5-37:19
MERGED from [com.github.bumptech.glide:glide:4.8.0] AndroidManifest.xml:10:5-20
MERGED from [com.github.bumptech.glide:glide:4.8.0] AndroidManifest.xml:10:5-20
MERGED from [com.google.firebase:firebase-database:17.0.0] AndroidManifest.xml:28:5-34:19
MERGED from [com.google.firebase:firebase-database:17.0.0] AndroidManifest.xml:28:5-34:19
MERGED from [com.google.firebase:firebase-core:16.0.9] AndroidManifest.xml:7:5-20
MERGED from [com.google.firebase:firebase-core:16.0.9] AndroidManifest.xml:7:5-20
MERGED from [com.google.firebase:firebase-auth:17.0.0] AndroidManifest.xml:23:5-40:19
MERGED from [com.google.firebase:firebase-auth:17.0.0] AndroidManifest.xml:23:5-40:19
MERGED from [com.google.firebase:firebase-crash:16.2.1] AndroidManifest.xml:24:5-30:19
MERGED from [com.google.firebase:firebase-crash:16.2.1] AndroidManifest.xml:24:5-30:19
MERGED from [com.google.firebase:firebase-storage:17.0.0] AndroidManifest.xml:29:5-35:19
MERGED from [com.google.firebase:firebase-storage:17.0.0] AndroidManifest.xml:29:5-35:19
MERGED from [com.google.firebase:firebase-firestore:19.0.0] AndroidManifest.xml:16:5-22:19
MERGED from [com.google.firebase:firebase-firestore:19.0.0] AndroidManifest.xml:16:5-22:19
MERGED from [com.google.firebase:firebase-auth-interop:17.0.0] AndroidManifest.xml:7:5-8:19
MERGED from [com.google.firebase:firebase-auth-interop:17.0.0] AndroidManifest.xml:7:5-8:19
MERGED from [com.google.firebase:firebase-analytics:16.5.0] AndroidManifest.xml:7:5-20
MERGED from [com.google.firebase:firebase-analytics:16.5.0] AndroidManifest.xml:7:5-20
MERGED from [com.google.android.gms:play-services-measurement-api:16.5.0] AndroidManifest.xml:26:5-34:19
MERGED from [com.google.android.gms:play-services-measurement-api:16.5.0] AndroidManifest.xml:26:5-34:19
MERGED from [com.google.firebase:firebase-iid:17.1.2] AndroidManifest.xml:28:5-57:19
MERGED from [com.google.firebase:firebase-iid:17.1.2] AndroidManifest.xml:28:5-57:19
MERGED from [com.google.firebase:firebase-iid-interop:16.0.1] AndroidManifest.xml:7:5-8:19
MERGED from [com.google.firebase:firebase-iid-interop:16.0.1] AndroidManifest.xml:7:5-8:19
MERGED from [com.google.android.gms:play-services-base:16.0.1] AndroidManifest.xml:22:5-27:19
MERGED from [com.google.android.gms:play-services-base:16.0.1] AndroidManifest.xml:22:5-27:19
MERGED from [com.google.firebase:firebase-common:17.0.0] AndroidManifest.xml:11:5-17:19
MERGED from [com.google.firebase:firebase-common:17.0.0] AndroidManifest.xml:11:5-17:19
MERGED from [com.google.android.gms:play-services-tasks:16.0.1] AndroidManifest.xml:7:5-20
MERGED from [com.google.android.gms:play-services-tasks:16.0.1] AndroidManifest.xml:7:5-20
MERGED from [com.google.firebase:firebase-measurement-connector:17.0.1] AndroidManifest.xml:22:5-23:19
MERGED from [com.google.firebase:firebase-measurement-connector:17.0.1] AndroidManifest.xml:22:5-23:19
MERGED from [com.google.android.gms:play-services-measurement:16.5.0] AndroidManifest.xml:28:5-53:19
MERGED from [com.google.android.gms:play-services-measurement:16.5.0] AndroidManifest.xml:28:5-53:19
MERGED from [com.google.android.gms:play-services-measurement-sdk:16.5.0] AndroidManifest.xml:22:5-23:19
MERGED from [com.google.android.gms:play-services-measurement-sdk:16.5.0] AndroidManifest.xml:22:5-23:19
MERGED from [com.google.android.gms:play-services-measurement-impl:16.5.0] AndroidManifest.xml:28:5-38:19
MERGED from [com.google.android.gms:play-services-measurement-impl:16.5.0] AndroidManifest.xml:28:5-38:19
MERGED from [com.google.android.gms:play-services-stats:16.0.1] AndroidManifest.xml:7:5-20
MERGED from [com.google.android.gms:play-services-stats:16.0.1] AndroidManifest.xml:7:5-20
MERGED from [com.google.android.gms:play-services-measurement-sdk-api:16.5.0] AndroidManifest.xml:28:5-38:19
MERGED from [com.google.android.gms:play-services-measurement-sdk-api:16.5.0] AndroidManifest.xml:28:5-38:19
MERGED from [com.google.android.gms:play-services-measurement-base:16.5.0] AndroidManifest.xml:7:5-20
MERGED from [com.google.android.gms:play-services-measurement-base:16.5.0] AndroidManifest.xml:7:5-20
MERGED from [com.google.android.gms:play-services-ads-identifier:16.0.0] AndroidManifest.xml:22:5-20
MERGED from [com.google.android.gms:play-services-ads-identifier:16.0.0] AndroidManifest.xml:22:5-20
MERGED from [com.google.android.gms:play-services-basement:16.2.0] AndroidManifest.xml:22:5-26:19
MERGED from [com.google.android.gms:play-services-basement:16.2.0] AndroidManifest.xml:22:5-26:19
MERGED from [com.github.jlmd:AnimatedCircleLoadingView:1.1.5] AndroidManifest.xml:11:5-14:19
MERGED from [com.github.jlmd:AnimatedCircleLoadingView:1.1.5] AndroidManifest.xml:11:5-14:19
MERGED from [io.paperdb:paperdb:2.6] AndroidManifest.xml:12:5-20
MERGED from [io.paperdb:paperdb:2.6] AndroidManifest.xml:12:5-20
MERGED from [androidx.lifecycle:lifecycle-extensions:2.0.0] AndroidManifest.xml:22:5-23:19
MERGED from [androidx.lifecycle:lifecycle-extensions:2.0.0] AndroidManifest.xml:22:5-23:19
MERGED from [androidx.core:core:1.1.0-beta01] AndroidManifest.xml:22:5-89
MERGED from [androidx.core:core:1.1.0-beta01] AndroidManifest.xml:22:5-89
MERGED from [com.github.bumptech.glide:gifdecoder:4.8.0] AndroidManifest.xml:9:5-20
MERGED from [com.github.bumptech.glide:gifdecoder:4.8.0] AndroidManifest.xml:9:5-20
MERGED from [androidx.versionedparcelable:versionedparcelable:1.1.0-beta01] AndroidManifest.xml:22:5-23:19
MERGED from [androidx.versionedparcelable:versionedparcelable:1.1.0-beta01] AndroidManifest.xml:22:5-23:19
MERGED from [androidx.lifecycle:lifecycle-process:2.0.0] AndroidManifest.xml:22:5-28:19
MERGED from [androidx.lifecycle:lifecycle-process:2.0.0] AndroidManifest.xml:22:5-28:19
	android:appComponentFactory
		ADDED from [androidx.core:core:1.1.0-beta01] AndroidManifest.xml:22:18-86
	android:supportsRtl
		ADDED from src/main/AndroidManifest.xml:21:9-35
	android:label
		ADDED from src/main/AndroidManifest.xml:19:9-41
	tools:ignore
		ADDED from src/main/AndroidManifest.xml:23:9-48
	android:roundIcon
		ADDED from src/main/AndroidManifest.xml:20:9-54
	android:icon
		ADDED from src/main/AndroidManifest.xml:18:9-43
	android:allowBackup
		ADDED from src/main/AndroidManifest.xml:17:9-35
	android:theme
		ADDED from src/main/AndroidManifest.xml:22:9-40
	android:name
		ADDED from src/main/AndroidManifest.xml:16:9-50
activity#com.mieone.feedbackcollection.ui.FeedbackActivity
ADDED from src/main/AndroidManifest.xml:26:9-27:52
	android:screenOrientation
		ADDED from src/main/AndroidManifest.xml:27:13-50
	android:name
		ADDED from src/main/AndroidManifest.xml:26:19-54
activity#com.mieone.feedbackcollection.ui.MainActivity
ADDED from src/main/AndroidManifest.xml:28:9-34:20
	android:screenOrientation
		ADDED from src/main/AndroidManifest.xml:29:13-50
	android:name
		ADDED from src/main/AndroidManifest.xml:28:19-50
intent-filter#action:name:android.intent.action.MAIN+category:name:android.intent.category.LAUNCHER
ADDED from src/main/AndroidManifest.xml:30:13-33:29
action#android.intent.action.MAIN
ADDED from src/main/AndroidManifest.xml:31:17-69
	android:name
		ADDED from src/main/AndroidManifest.xml:31:25-66
category#android.intent.category.LAUNCHER
ADDED from src/main/AndroidManifest.xml:32:17-77
	android:name
		ADDED from src/main/AndroidManifest.xml:32:27-74
receiver#com.mieone.feedbackcollection.receiver.BootCompletedIntentReceiver
ADDED from src/main/AndroidManifest.xml:35:9-39:20
	android:name
		ADDED from src/main/AndroidManifest.xml:35:19-71
intent-filter#action:name:android.intent.action.BOOT_COMPLETED
ADDED from src/main/AndroidManifest.xml:36:13-38:29
action#android.intent.action.BOOT_COMPLETED
ADDED from src/main/AndroidManifest.xml:37:17-79
	android:name
		ADDED from src/main/AndroidManifest.xml:37:25-76
service#com.mieone.feedbackcollection.service.BackgroundService
ADDED from src/main/AndroidManifest.xml:41:9-62
	android:name
		ADDED from src/main/AndroidManifest.xml:41:18-59
uses-sdk
INJECTED from src/main/AndroidManifest.xml reason: use-sdk injection requested
INJECTED from src/main/AndroidManifest.xml
INJECTED from src/main/AndroidManifest.xml
MERGED from [androidx.multidex:multidex:2.0.0] AndroidManifest.xml:20:5-43
MERGED from [androidx.multidex:multidex:2.0.0] AndroidManifest.xml:20:5-43
MERGED from [com.karumi:dexter:4.1.0] AndroidManifest.xml:22:5-24:41
MERGED from [com.karumi:dexter:4.1.0] AndroidManifest.xml:22:5-24:41
MERGED from [com.google.android.material:material:1.1.0-alpha06] AndroidManifest.xml:20:5-44
MERGED from [com.google.android.material:material:1.1.0-alpha06] AndroidManifest.xml:20:5-44
MERGED from [com.yarolegovich:lovely-dialog:1.1.0] AndroidManifest.xml:8:5-10:41
MERGED from [com.yarolegovich:lovely-dialog:1.1.0] AndroidManifest.xml:8:5-10:41
MERGED from [com.airbnb.android:lottie:2.8.0] AndroidManifest.xml:7:5-9:41
MERGED from [com.airbnb.android:lottie:2.8.0] AndroidManifest.xml:7:5-9:41
MERGED from [com.github.MdFarhanRaja:SearchableSpinner:1.2] AndroidManifest.xml:7:5-9:41
MERGED from [com.github.MdFarhanRaja:SearchableSpinner:1.2] AndroidManifest.xml:7:5-9:41
MERGED from [com.github.Binary-Finery:Bungee:1.0] AndroidManifest.xml:7:5-9:41
MERGED from [com.github.Binary-Finery:Bungee:1.0] AndroidManifest.xml:7:5-9:41
MERGED from [androidx.viewpager2:viewpager2:1.0.0-alpha02] AndroidManifest.xml:20:5-44
MERGED from [androidx.viewpager2:viewpager2:1.0.0-alpha02] AndroidManifest.xml:20:5-44
MERGED from [androidx.appcompat:appcompat:1.1.0-alpha05] AndroidManifest.xml:20:5-44
MERGED from [androidx.appcompat:appcompat:1.1.0-alpha05] AndroidManifest.xml:20:5-44
MERGED from [androidx.constraintlayout:constraintlayout:1.1.3] AndroidManifest.xml:5:5-7:41
MERGED from [androidx.constraintlayout:constraintlayout:1.1.3] AndroidManifest.xml:5:5-7:41
MERGED from [com.google.android.gms:play-services-auth:16.0.1] AndroidManifest.xml:20:5-44
MERGED from [com.google.android.gms:play-services-auth:16.0.1] AndroidManifest.xml:20:5-44
MERGED from [com.github.bumptech.glide:glide:4.8.0] AndroidManifest.xml:6:5-8:41
MERGED from [com.github.bumptech.glide:glide:4.8.0] AndroidManifest.xml:6:5-8:41
MERGED from [androidx.cardview:cardview:1.0.0] AndroidManifest.xml:20:5-44
MERGED from [androidx.cardview:cardview:1.0.0] AndroidManifest.xml:20:5-44
MERGED from [com.google.firebase:firebase-database:17.0.0] AndroidManifest.xml:19:5-21:41
MERGED from [com.google.firebase:firebase-database:17.0.0] AndroidManifest.xml:19:5-21:41
MERGED from [com.google.firebase:firebase-core:16.0.9] AndroidManifest.xml:5:5-44
MERGED from [com.google.firebase:firebase-core:16.0.9] AndroidManifest.xml:5:5-44
MERGED from [com.google.firebase:firebase-auth:17.0.0] AndroidManifest.xml:21:5-44
MERGED from [com.google.firebase:firebase-auth:17.0.0] AndroidManifest.xml:21:5-44
MERGED from [com.google.firebase:firebase-crash:16.2.1] AndroidManifest.xml:20:5-44
MERGED from [com.google.firebase:firebase-crash:16.2.1] AndroidManifest.xml:20:5-44
MERGED from [com.google.firebase:firebase-storage:17.0.0] AndroidManifest.xml:20:5-22:41
MERGED from [com.google.firebase:firebase-storage:17.0.0] AndroidManifest.xml:20:5-22:41
MERGED from [com.google.firebase:firebase-firestore:19.0.0] AndroidManifest.xml:7:5-9:41
MERGED from [com.google.firebase:firebase-firestore:19.0.0] AndroidManifest.xml:7:5-9:41
MERGED from [com.google.android.gms:play-services-auth-api-phone:16.0.0] AndroidManifest.xml:5:5-44
MERGED from [com.google.android.gms:play-services-auth-api-phone:16.0.0] AndroidManifest.xml:5:5-44
MERGED from [com.google.android.gms:play-services-auth-base:16.0.0] AndroidManifest.xml:5:5-44
MERGED from [com.google.android.gms:play-services-auth-base:16.0.0] AndroidManifest.xml:5:5-44
MERGED from [com.google.firebase:firebase-auth-interop:17.0.0] AndroidManifest.xml:5:5-44
MERGED from [com.google.firebase:firebase-auth-interop:17.0.0] AndroidManifest.xml:5:5-44
MERGED from [com.google.android.gms:play-services-flags:16.0.1] AndroidManifest.xml:20:5-44
MERGED from [com.google.android.gms:play-services-flags:16.0.1] AndroidManifest.xml:20:5-44
MERGED from [com.google.firebase:firebase-analytics:16.5.0] AndroidManifest.xml:5:5-44
MERGED from [com.google.firebase:firebase-analytics:16.5.0] AndroidManifest.xml:5:5-44
MERGED from [com.google.android.gms:play-services-measurement-api:16.5.0] AndroidManifest.xml:20:5-44
MERGED from [com.google.android.gms:play-services-measurement-api:16.5.0] AndroidManifest.xml:20:5-44
MERGED from [com.google.firebase:firebase-iid:17.1.2] AndroidManifest.xml:20:5-44
MERGED from [com.google.firebase:firebase-iid:17.1.2] AndroidManifest.xml:20:5-44
MERGED from [com.google.firebase:firebase-iid-interop:16.0.1] AndroidManifest.xml:5:5-44
MERGED from [com.google.firebase:firebase-iid-interop:16.0.1] AndroidManifest.xml:5:5-44
MERGED from [com.google.android.gms:play-services-base:16.0.1] AndroidManifest.xml:20:5-44
MERGED from [com.google.android.gms:play-services-base:16.0.1] AndroidManifest.xml:20:5-44
MERGED from [com.google.firebase:firebase-common:17.0.0] AndroidManifest.xml:6:5-8:41
MERGED from [com.google.firebase:firebase-common:17.0.0] AndroidManifest.xml:6:5-8:41
MERGED from [com.google.android.gms:play-services-tasks:16.0.1] AndroidManifest.xml:5:5-44
MERGED from [com.google.android.gms:play-services-tasks:16.0.1] AndroidManifest.xml:5:5-44
MERGED from [com.google.firebase:firebase-measurement-connector:17.0.1] AndroidManifest.xml:20:5-44
MERGED from [com.google.firebase:firebase-measurement-connector:17.0.1] AndroidManifest.xml:20:5-44
MERGED from [com.google.android.gms:play-services-measurement:16.5.0] AndroidManifest.xml:20:5-44
MERGED from [com.google.android.gms:play-services-measurement:16.5.0] AndroidManifest.xml:20:5-44
MERGED from [com.google.android.gms:play-services-measurement-sdk:16.5.0] AndroidManifest.xml:20:5-44
MERGED from [com.google.android.gms:play-services-measurement-sdk:16.5.0] AndroidManifest.xml:20:5-44
MERGED from [com.google.android.gms:play-services-measurement-impl:16.5.0] AndroidManifest.xml:20:5-44
MERGED from [com.google.android.gms:play-services-measurement-impl:16.5.0] AndroidManifest.xml:20:5-44
MERGED from [com.google.android.gms:play-services-stats:16.0.1] AndroidManifest.xml:5:5-44
MERGED from [com.google.android.gms:play-services-stats:16.0.1] AndroidManifest.xml:5:5-44
MERGED from [com.google.android.gms:play-services-measurement-sdk-api:16.5.0] AndroidManifest.xml:20:5-44
MERGED from [com.google.android.gms:play-services-measurement-sdk-api:16.5.0] AndroidManifest.xml:20:5-44
MERGED from [com.google.android.gms:play-services-measurement-base:16.5.0] AndroidManifest.xml:5:5-44
MERGED from [com.google.android.gms:play-services-measurement-base:16.5.0] AndroidManifest.xml:5:5-44
MERGED from [com.google.android.gms:play-services-ads-identifier:16.0.0] AndroidManifest.xml:20:5-44
MERGED from [com.google.android.gms:play-services-ads-identifier:16.0.0] AndroidManifest.xml:20:5-44
MERGED from [com.google.android.gms:play-services-basement:16.2.0] AndroidManifest.xml:20:5-44
MERGED from [com.google.android.gms:play-services-basement:16.2.0] AndroidManifest.xml:20:5-44
MERGED from [androidx.legacy:legacy-support-v4:1.0.0] AndroidManifest.xml:20:5-44
MERGED from [androidx.legacy:legacy-support-v4:1.0.0] AndroidManifest.xml:20:5-44
MERGED from [com.github.jlmd:AnimatedCircleLoadingView:1.1.5] AndroidManifest.xml:7:5-9:41
MERGED from [com.github.jlmd:AnimatedCircleLoadingView:1.1.5] AndroidManifest.xml:7:5-9:41
MERGED from [com.wang.avi:library:2.1.3] AndroidManifest.xml:7:5-9:41
MERGED from [com.wang.avi:library:2.1.3] AndroidManifest.xml:7:5-9:41
MERGED from [io.paperdb:paperdb:2.6] AndroidManifest.xml:8:5-10:41
MERGED from [io.paperdb:paperdb:2.6] AndroidManifest.xml:8:5-10:41
MERGED from [com.blankj:utilcode:1.7.1] AndroidManifest.xml:8:5-44
MERGED from [com.blankj:utilcode:1.7.1] AndroidManifest.xml:8:5-44
MERGED from [me.grantland:autofittextview:0.2.1] AndroidManifest.xml:7:5-9:41
MERGED from [me.grantland:autofittextview:0.2.1] AndroidManifest.xml:7:5-9:41
MERGED from [com.tapadoo.android:alerter:2.0.1] AndroidManifest.xml:7:5-10:72
MERGED from [com.tapadoo.android:alerter:2.0.1] AndroidManifest.xml:7:5-10:72